<?xml version="1.0" encoding="UTF-8"?>
<!-- Generated by org.testng.reporters.JUnitReportReporter -->
<testsuite hostname="48XXRQ2" failures="0" tests="1" name="strategies.smoke.LoginTest" time="0.985" errors="0" timestamp="11 Dec 2018 11:27:43 GMT" skipped="0">
  <testcase classname="strategies.smoke.LoginTest" name="loginFailed" time="0.985"/>
</testsuite> <!-- strategies.smoke.LoginTest -->
